<?xml version="1.0" encoding="UTF-8"?>
<!-- Generated by org.testng.reporters.JUnitXMLReporter -->
<testsuite ignored="2" hostname="DESKTOP-R6E3P6M" failures="0" tests="3" name="Test" time="24.111" errors="0" timestamp="2025-06-21T13:08:35 IST">
  <testcase classname="Inventorytests.AddToCart" name="sample" time="0.033"/>
  <testcase classname="Inventorytests.AddToCart" name="tc_001_AddProductToCartTest" time="2.191"/>
  <testcase classname="Inventorytests.AddLowestPriceProductToCart" name="tc_002_AddLowestPriceProductToCartTest" time="1.04"/>
  <testcase classname="genericUtilities.BaseClass" name="@AfterSuite asconfig" time="0.0">
    <ignored/>
  </testcase> <!-- @AfterSuite asconfig -->
  <testcase classname="genericUtilities.BaseClass" name="@BeforeSuite bsconfig" time="0.0">
    <ignored/>
  </testcase> <!-- @BeforeSuite bsconfig -->
</testsuite> <!-- Test -->
