<?xml version="1.0" encoding="UTF-8"?>
<testng-results ignored="0" total="2" passed="2" failed="0" skipped="0">
  <reporter-output>
  </reporter-output>
  <suite started-at="2025-06-30T12:18:35 IST" name="Default suite" finished-at="2025-06-30T12:18:55 IST" duration-ms="20779">
    <groups>
      <group name="SmokeSuite">
        <method signature="AddToCart.tc_001_AddProductToCartTest()[pri:0, instance:Inventorytests.AddToCart@65e98b1c]" name="tc_001_AddProductToCartTest" class="Inventorytests.AddToCart"/>
      </group> <!-- SmokeSuite -->
    </groups>
    <test started-at="2025-06-30T12:18:35 IST" name="Default test" finished-at="2025-06-30T12:18:55 IST" duration-ms="20779">
      <class name="Inventorytests.AddToCart">
        <test-method is-config="true" signature="bsconfig()[pri:0, instance:Inventorytests.AddToCart@65e98b1c]" started-at="2025-06-30T12:18:35 IST" name="bsconfig" finished-at="2025-06-30T12:18:35 IST" duration-ms="19" status="PASS">
          <reporter-output>
          </reporter-output>
        </test-method> <!-- bsconfig -->
        <test-method is-config="true" signature="bcconfig()[pri:0, instance:Inventorytests.AddToCart@65e98b1c]" started-at="2025-06-30T12:18:35 IST" name="bcconfig" finished-at="2025-06-30T12:18:48 IST" duration-ms="12660" status="PASS">
          <reporter-output>
          </reporter-output>
        </test-method> <!-- bcconfig -->
        <test-method is-config="true" signature="bmconfig()[pri:0, instance:Inventorytests.AddToCart@65e98b1c]" started-at="2025-06-30T12:18:48 IST" name="bmconfig" finished-at="2025-06-30T12:18:49 IST" duration-ms="1418" status="PASS">
          <reporter-output>
          </reporter-output>
        </test-method> <!-- bmconfig -->
        <test-method signature="sample()[pri:0, instance:Inventorytests.AddToCart@65e98b1c]" started-at="2025-06-30T12:18:49 IST" name="sample" finished-at="2025-06-30T12:18:49 IST" duration-ms="90" status="PASS">
          <reporter-output>
          </reporter-output>
        </test-method> <!-- sample -->
        <test-method is-config="true" signature="amconfig()[pri:0, instance:Inventorytests.AddToCart@65e98b1c]" started-at="2025-06-30T12:18:49 IST" name="amconfig" finished-at="2025-06-30T12:18:50 IST" duration-ms="580" status="PASS">
          <reporter-output>
          </reporter-output>
        </test-method> <!-- amconfig -->
        <test-method is-config="true" signature="bmconfig()[pri:0, instance:Inventorytests.AddToCart@65e98b1c]" started-at="2025-06-30T12:18:50 IST" name="bmconfig" finished-at="2025-06-30T12:18:50 IST" duration-ms="387" status="PASS">
          <reporter-output>
          </reporter-output>
        </test-method> <!-- bmconfig -->
        <test-method signature="tc_001_AddProductToCartTest()[pri:0, instance:Inventorytests.AddToCart@65e98b1c]" started-at="2025-06-30T12:18:50 IST" name="tc_001_AddProductToCartTest" finished-at="2025-06-30T12:18:53 IST" duration-ms="2859" status="PASS">
          <reporter-output>
          </reporter-output>
        </test-method> <!-- tc_001_AddProductToCartTest -->
        <test-method is-config="true" signature="amconfig()[pri:0, instance:Inventorytests.AddToCart@65e98b1c]" started-at="2025-06-30T12:18:53 IST" name="amconfig" finished-at="2025-06-30T12:18:54 IST" duration-ms="542" status="PASS">
          <reporter-output>
          </reporter-output>
        </test-method> <!-- amconfig -->
        <test-method is-config="true" signature="acconfig()[pri:0, instance:Inventorytests.AddToCart@65e98b1c]" started-at="2025-06-30T12:18:54 IST" name="acconfig" finished-at="2025-06-30T12:18:55 IST" duration-ms="1592" status="PASS">
          <reporter-output>
          </reporter-output>
        </test-method> <!-- acconfig -->
        <test-method is-config="true" signature="asconfig()[pri:0, instance:Inventorytests.AddToCart@65e98b1c]" started-at="2025-06-30T12:18:57 IST" name="asconfig" finished-at="2025-06-30T12:18:57 IST" duration-ms="3" status="PASS">
          <reporter-output>
          </reporter-output>
        </test-method> <!-- asconfig -->
      </class> <!-- Inventorytests.AddToCart -->
    </test> <!-- Default test -->
  </suite> <!-- Default suite -->
</testng-results>
